Using pre-set license
Built from '2020.3/staging' branch; Version is '2020.3.17f1 (a4537701e4ab) revision 10769271'; Using compiler version '192528614'; Build Type 'Release'
OS: 'Windows 10 Home Single Language; OS build 22000.434; Version 2009; 64bit' Language: 'ru' Physical Memory: 16224 MB
BatchMode: 1, IsHumanControllingUs: 0, StartBugReporterOnCrash: 0, Is64bit: 1, IsPro: 0

COMMAND LINE ARGUMENTS:
C:\Program Files\Unity\2020.3.17f1\Editor\Unity.exe
-adb2
-batchMode
-noUpm
-name
AssetImportWorker0
-projectPath
F:/Matchstick Game/Matchstick Game
-logFile
Logs/AssetImportWorker0.log
-srvPort
13239
Successfully changed project path to: F:/Matchstick Game/Matchstick Game
F:/Matchstick Game/Matchstick Game
Using Asset Import Pipeline V2.
Refreshing native plugins compatible for Editor in 107.66 ms, found 2 plugins.
Preloading 0 native plugins for Editor in 0.00 ms.
Initialize engine version: 2020.3.17f1 (a4537701e4ab)
[Subsystems] Discovering subsystems at path C:/Program Files/Unity/2020.3.17f1/Editor/Data/Resources/UnitySubsystems
[Subsystems] Discovering subsystems at path F:/Matchstick Game/Matchstick Game/Assets
GfxDevice: creating device client; threaded=0
Direct3D:
    Version:  Direct3D 11.0 [level 11.1]
    Renderer: NVIDIA GeForce RTX 2060 (ID=0x1f11)
    Vendor:   
    VRAM:     5980 MB
    Driver:   30.0.14.9709
Initialize mono
Mono path[0] = 'C:/Program Files/Unity/2020.3.17f1/Editor/Data/Managed'
Mono path[1] = 'C:/Program Files/Unity/2020.3.17f1/Editor/Data/MonoBleedingEdge/lib/mono/unityjit'
Mono config path = 'C:/Program Files/Unity/2020.3.17f1/Editor/Data/MonoBleedingEdge/etc'
Using monoOptions --debugger-agent=transport=dt_socket,embedding=1,server=y,suspend=n,address=127.0.0.1:56836
Begin MonoManager ReloadAssembly
Registering precompiled unity dll's ...
Register platform support module: C:/Program Files/Unity/2020.3.17f1/Editor/Data/PlaybackEngines/WebGLSupport/UnityEditor.WebGL.Extensions.dll
Register platform support module: C:/Program Files/Unity/2020.3.17f1/Editor/Data/PlaybackEngines/WindowsStandaloneSupport/UnityEditor.WindowsStandalone.Extensions.dll
Registered in 0.001959 seconds.
Native extension for WindowsStandalone target not found
Native extension for WebGL target not found
Refreshing native plugins compatible for Editor in 117.31 ms, found 2 plugins.
Preloading 0 native plugins for Editor in 0.00 ms.
Mono: successfully reloaded assembly
- Completed reload, in  2.300 seconds
Domain Reload Profiling:
	ReloadAssembly (2301ms)
		BeginReloadAssembly (63ms)
			ExecutionOrderSort (0ms)
			DisableScriptedObjects (0ms)
			BackupInstance (0ms)
			ReleaseScriptingObjects (0ms)
			CreateAndSetChildDomain (1ms)
		EndReloadAssembly (595ms)
			LoadAssemblies (61ms)
			RebuildTransferFunctionScriptingTraits (0ms)
			SetupTypeCache (194ms)
			ReleaseScriptCaches (0ms)
			RebuildScriptCaches (37ms)
			SetupLoadedEditorAssemblies (282ms)
				LogAssemblyErrors (0ms)
				InitializePlatformSupportModulesInManaged (6ms)
				SetLoadedEditorAssemblies (0ms)
				RefreshPlugins (117ms)
				BeforeProcessingInitializeOnLoad (19ms)
				ProcessInitializeOnLoadAttributes (103ms)
				ProcessInitializeOnLoadMethodAttributes (37ms)
				AfterProcessingInitializeOnLoad (0ms)
				EditorAssembliesLoaded (0ms)
			ExecutionOrderSort2 (0ms)
			AwakeInstancesAfterBackupRestoration (0ms)
Platform modules already initialized, skipping
Registering precompiled user dll's ...
Registered in 0.004607 seconds.
Begin MonoManager ReloadAssembly
Native extension for WindowsStandalone target not found
Native extension for WebGL target not found
Refreshing native plugins compatible for Editor in 104.20 ms, found 2 plugins.
Preloading 0 native plugins for Editor in 0.00 ms.
Mono: successfully reloaded assembly
- Completed reload, in  1.828 seconds
Domain Reload Profiling:
	ReloadAssembly (1829ms)
		BeginReloadAssembly (173ms)
			ExecutionOrderSort (0ms)
			DisableScriptedObjects (5ms)
			BackupInstance (0ms)
			ReleaseScriptingObjects (0ms)
			CreateAndSetChildDomain (20ms)
		EndReloadAssembly (1572ms)
			LoadAssemblies (123ms)
			RebuildTransferFunctionScriptingTraits (0ms)
			SetupTypeCache (553ms)
			ReleaseScriptCaches (2ms)
			RebuildScriptCaches (116ms)
			SetupLoadedEditorAssemblies (619ms)
				LogAssemblyErrors (0ms)
				InitializePlatformSupportModulesInManaged (6ms)
				SetLoadedEditorAssemblies (0ms)
				RefreshPlugins (104ms)
				BeforeProcessingInitializeOnLoad (147ms)
				ProcessInitializeOnLoadAttributes (340ms)
				ProcessInitializeOnLoadMethodAttributes (16ms)
				AfterProcessingInitializeOnLoad (5ms)
				EditorAssembliesLoaded (0ms)
			ExecutionOrderSort2 (0ms)
			AwakeInstancesAfterBackupRestoration (7ms)
Platform modules already initialized, skipping
========================================================================
Worker process is ready to serve import requests
Launched and connected shader compiler UnityShaderCompiler.exe after 0.11 seconds
Refreshing native plugins compatible for Editor in 1.17 ms, found 2 plugins.
Preloading 0 native plugins for Editor in 0.00 ms.
Unloading 4600 Unused Serialized files (Serialized files now loaded: 0)
System memory in use before: 192.5 MB.
System memory in use after: 192.3 MB.

Unloading 35 unused Assets to reduce memory usage. Loaded Objects now: 5027.
Total: 9.802100 ms (FindLiveObjects: 0.545300 ms CreateObjectMapping: 0.375500 ms MarkObjects: 7.504200 ms  DeleteObjects: 1.374200 ms)

AssetImportParameters requested are different than current active one (requested -> active):
  custom:framework-win-MediaFoundation: 216162199b28c13a410421893ffa2e32 -> 
  custom:video-decoder-ogg-theora: a1e56fd34408186e4bbccfd4996cb3dc -> 
  custom:container-muxer-webm: aa71ff27fc2769a1b78a27578f13a17b -> 
  custom:container-demuxer-webm: 4f35f7cbe854078d1ac9338744f61a02 -> 
  custom:container-demuxer-ogg: 62fdf1f143b41e24485cea50d1cbac27 -> 
  custom:video-encoder-webm-vp8: eb34c28f22e8b96e1ab97ce403110664 -> 
  custom:video-codec-MediaFoundation-h265: 746d11721c4dcdbdad8f713fa42b33f4 -> 
  custom:video-decoder-webm-vp8: 9c59270c3fd7afecdb556c50c9e8de78 -> 
  custom:audio-decoder-ogg-vorbis: bf7c407c2cedff20999df2af8eb42d56 -> 
  custom:audio-encoder-webm-vorbis: bf7c407c2cedff20999df2af8eb42d56 -> 
========================================================================
Received Import Request.
  path: Assets/Character/Textures/Armature_Legs_MetallicSmoothness.tif
  artifactKey: Guid(1c98c94efa7792645972ecf95e6f86c2) Importer(815301076,1909f56bfc062723c751e8b465ee728b)
Start importing Assets/Character/Textures/Armature_Legs_MetallicSmoothness.tif using Guid(1c98c94efa7792645972ecf95e6f86c2) Importer(815301076,1909f56bfc062723c751e8b465ee728b)  -> (artifact id: '17b827effdddec2640c3ab0232d52e26') in 0.158082 seconds 
  Import took 0.171458 seconds .

========================================================================
Received Import Request.
  Time since last request: 0.000240 seconds.
  path: Assets/Impact Interaction System/Demo/Materials/Particles/Particle_Spark.png
  artifactKey: Guid(4b69ba345def7dc46935a5450588f40d) Importer(815301076,1909f56bfc062723c751e8b465ee728b)
Start importing Assets/Impact Interaction System/Demo/Materials/Particles/Particle_Spark.png using Guid(4b69ba345def7dc46935a5450588f40d) Importer(815301076,1909f56bfc062723c751e8b465ee728b)  -> (artifact id: '908fb65db16c059763588190f67a544f') in 0.131164 seconds 
  Import took 0.143027 seconds .

========================================================================
Received Import Request.
  Time since last request: 0.000254 seconds.
  path: Assets/Impact Interaction System/Demo/Materials/Impacts/Bullet_Generic.png
  artifactKey: Guid(5b3b86ebf79f54241a72e5bf267d6a64) Importer(815301076,1909f56bfc062723c751e8b465ee728b)
Start importing Assets/Impact Interaction System/Demo/Materials/Impacts/Bullet_Generic.png using Guid(5b3b86ebf79f54241a72e5bf267d6a64) Importer(815301076,1909f56bfc062723c751e8b465ee728b)  -> (artifact id: 'cc5cf5ec23beac85ac21359b676142b2') in 0.030836 seconds 
  Import took 0.040341 seconds .

========================================================================
Received Import Request.
  Time since last request: 0.000383 seconds.
  path: Assets/Environment/Art/Textures/Grid_01_Emissive.png
  artifactKey: Guid(d4d6919451fe3e24388816386a6d15a4) Importer(815301076,1909f56bfc062723c751e8b465ee728b)
Start importing Assets/Environment/Art/Textures/Grid_01_Emissive.png using Guid(d4d6919451fe3e24388816386a6d15a4) Importer(815301076,1909f56bfc062723c751e8b465ee728b)  -> (artifact id: '437db394726673c5941b26fd02fa469d') in 0.040125 seconds 
  Import took 0.050757 seconds .

========================================================================
Received Import Request.
  Time since last request: 0.000234 seconds.
  path: Assets/Impact Interaction System/Gizmos/Impact/Interactions/Decals/ImpactDecal Icon.png
  artifactKey: Guid(93b554090e3af154b92226bbe9c3d287) Importer(815301076,1909f56bfc062723c751e8b465ee728b)
Start importing Assets/Impact Interaction System/Gizmos/Impact/Interactions/Decals/ImpactDecal Icon.png using Guid(93b554090e3af154b92226bbe9c3d287) Importer(815301076,1909f56bfc062723c751e8b465ee728b)  -> (artifact id: '192bc8dcc7371b8c5c76ff660a4f24a1') in 0.037182 seconds 
  Import took 0.048977 seconds .

========================================================================
Received Import Request.
  Time since last request: 0.000266 seconds.
  path: Assets/Character/Textures/Armature_Legs_RGB.tif
  artifactKey: Guid(64d6bedfd9838e14fb51c78c8e947042) Importer(815301076,1909f56bfc062723c751e8b465ee728b)
Start importing Assets/Character/Textures/Armature_Legs_RGB.tif using Guid(64d6bedfd9838e14fb51c78c8e947042) Importer(815301076,1909f56bfc062723c751e8b465ee728b)  -> (artifact id: 'c2be6c0fc5140fb9fdebca0b2ff816c0') in 0.043763 seconds 
  Import took 0.055742 seconds .

========================================================================
Received Import Request.
  Time since last request: 0.000329 seconds.
  path: Assets/Character/Textures/Armature_Arms_AlbedoTransparency.tif
  artifactKey: Guid(c6dc62700fa06274b9608a9fce8ed21b) Importer(815301076,1909f56bfc062723c751e8b465ee728b)
Start importing Assets/Character/Textures/Armature_Arms_AlbedoTransparency.tif using Guid(c6dc62700fa06274b9608a9fce8ed21b) Importer(815301076,1909f56bfc062723c751e8b465ee728b)  -> (artifact id: '217dc8ec28ed3ff53667c1bcd96c7ef4') in 0.053589 seconds 
  Import took 0.068243 seconds .

========================================================================
Received Import Request.
  Time since last request: 0.000226 seconds.
  path: Assets/Character/Textures/Armature_Body_RGB.tif
  artifactKey: Guid(a95378e0fd5828442a6ed903fb3b0bf7) Importer(815301076,1909f56bfc062723c751e8b465ee728b)
Start importing Assets/Character/Textures/Armature_Body_RGB.tif using Guid(a95378e0fd5828442a6ed903fb3b0bf7) Importer(815301076,1909f56bfc062723c751e8b465ee728b)  -> (artifact id: '50199c24074c420c42a9d700679fc8d0') in 0.053228 seconds 
  Import took 0.069268 seconds .

========================================================================
Received Import Request.
  Time since last request: 0.000247 seconds.
  path: Assets/Impact Interaction System/Gizmos/Impact/Triggers/ImpactSpeculativeCollisionTrigger2D Icon.png
  artifactKey: Guid(1548ebe0bde535c46b6d6d5548adae42) Importer(815301076,1909f56bfc062723c751e8b465ee728b)
Start importing Assets/Impact Interaction System/Gizmos/Impact/Triggers/ImpactSpeculativeCollisionTrigger2D Icon.png using Guid(1548ebe0bde535c46b6d6d5548adae42) Importer(815301076,1909f56bfc062723c751e8b465ee728b)  -> (artifact id: '4737f8f39564c15af6410db32ee69820') in 0.033421 seconds 
  Import took 0.047183 seconds .

========================================================================
Received Import Request.
  Time since last request: 0.000267 seconds.
  path: Assets/Impact Interaction System/Gizmos/Impact/Interactions/Audio/ImpactAudioPool Icon.png
  artifactKey: Guid(49ab80aff74e7f14298c181ef9d08b46) Importer(815301076,1909f56bfc062723c751e8b465ee728b)
Start importing Assets/Impact Interaction System/Gizmos/Impact/Interactions/Audio/ImpactAudioPool Icon.png using Guid(49ab80aff74e7f14298c181ef9d08b46) Importer(815301076,1909f56bfc062723c751e8b465ee728b)  -> (artifact id: '5c843fe47c0fa34c65baf16ac59f8117') in 0.041330 seconds 
  Import took 0.054722 seconds .

========================================================================
Received Import Request.
  Time since last request: 0.000227 seconds.
  path: Assets/Impact Interaction System/Gizmos/Impact/ImpactManager Icon.png
  artifactKey: Guid(67e941f02b9f0f64a9a8022af1f84021) Importer(815301076,1909f56bfc062723c751e8b465ee728b)
Start importing Assets/Impact Interaction System/Gizmos/Impact/ImpactManager Icon.png using Guid(67e941f02b9f0f64a9a8022af1f84021) Importer(815301076,1909f56bfc062723c751e8b465ee728b)  -> (artifact id: '4109dc92f0e36cd051c868b105cfb10a') in 0.038998 seconds 
  Import took 0.053293 seconds .

========================================================================
Received Import Request.
  Time since last request: 0.000599 seconds.
  path: Assets/Impact Interaction System/Gizmos/Impact/Interactions/Particles/ImpactParticles Icon.png
  artifactKey: Guid(46376d561f1c509469c3633415542ad4) Importer(815301076,1909f56bfc062723c751e8b465ee728b)
Start importing Assets/Impact Interaction System/Gizmos/Impact/Interactions/Particles/ImpactParticles Icon.png using Guid(46376d561f1c509469c3633415542ad4) Importer(815301076,1909f56bfc062723c751e8b465ee728b)  -> (artifact id: '2472b7005c99dc34bcf77819cff34887') in 0.027804 seconds 
  Import took 0.040585 seconds .

========================================================================
Received Import Request.
  Time since last request: 0.000352 seconds.
  path: Assets/Impact Interaction System/Gizmos/Impact/Interactions/Decals/ImpactDecalInteraction Icon.png
  artifactKey: Guid(3c5b333b44211d3449b4256e91b1abc0) Importer(815301076,1909f56bfc062723c751e8b465ee728b)
Start importing Assets/Impact Interaction System/Gizmos/Impact/Interactions/Decals/ImpactDecalInteraction Icon.png using Guid(3c5b333b44211d3449b4256e91b1abc0) Importer(815301076,1909f56bfc062723c751e8b465ee728b)  -> (artifact id: 'fc513ddb11c257ec2ab9b8a565753b1c') in 0.030858 seconds 
  Import took 0.043788 seconds .

========================================================================
Received Import Request.
  Time since last request: 0.000257 seconds.
  path: Assets/Character/Textures/Armature_Arms_Normal.tif
  artifactKey: Guid(104a45460231b8d4783e0bb2223be28c) Importer(815301076,1909f56bfc062723c751e8b465ee728b)
Start importing Assets/Character/Textures/Armature_Arms_Normal.tif using Guid(104a45460231b8d4783e0bb2223be28c) Importer(815301076,1909f56bfc062723c751e8b465ee728b)  -> (artifact id: 'b8333c1956e8b3000f80e1adfab812fb') in 0.070775 seconds 
  Import took 0.080351 seconds .

========================================================================
Received Import Request.
  Time since last request: 0.000322 seconds.
  path: Assets/Impact Interaction System/Demo/Materials/Impacts/Falloff.png
  artifactKey: Guid(2f77aaec3b713dd4994fd5a9765ae9b7) Importer(815301076,1909f56bfc062723c751e8b465ee728b)
Start importing Assets/Impact Interaction System/Demo/Materials/Impacts/Falloff.png using Guid(2f77aaec3b713dd4994fd5a9765ae9b7) Importer(815301076,1909f56bfc062723c751e8b465ee728b)  -> (artifact id: '0bdd4194396d83044bb9f570f66c7d14') in 0.030948 seconds 
  Import took 0.043020 seconds .

========================================================================
Received Import Request.
  Time since last request: 0.000175 seconds.
  path: Assets/Impact Interaction System/Gizmos/Impact/Triggers/ImpactSlideAndRollTrigger3D Icon.png
  artifactKey: Guid(cabc94b9548a1e241953bbc016ea935a) Importer(815301076,1909f56bfc062723c751e8b465ee728b)
Start importing Assets/Impact Interaction System/Gizmos/Impact/Triggers/ImpactSlideAndRollTrigger3D Icon.png using Guid(cabc94b9548a1e241953bbc016ea935a) Importer(815301076,1909f56bfc062723c751e8b465ee728b)  -> (artifact id: '04ae7a33b003dff939ea1a0a085e131f') in 0.020022 seconds 
  Import took 0.027846 seconds .

========================================================================
Received Import Request.
  Time since last request: 0.000194 seconds.
  path: Assets/Impact Interaction System/Demo/Materials/Grid_01.png
  artifactKey: Guid(bfcd6813cdbf3fe45ae03f53aa9b0f5d) Importer(815301076,1909f56bfc062723c751e8b465ee728b)
Start importing Assets/Impact Interaction System/Demo/Materials/Grid_01.png using Guid(bfcd6813cdbf3fe45ae03f53aa9b0f5d) Importer(815301076,1909f56bfc062723c751e8b465ee728b)  -> (artifact id: '6d3364365d20b62991509c6bf0972b75') in 0.026823 seconds 
  Import took 0.034710 seconds .

========================================================================
Received Import Request.
  Time since last request: 0.000203 seconds.
  path: Assets/Scenes/Playground/ReflectionProbe-2.exr
  artifactKey: Guid(7e3f1677bc1aead4fb8791998078dcec) Importer(815301076,1909f56bfc062723c751e8b465ee728b)
Start importing Assets/Scenes/Playground/ReflectionProbe-2.exr using Guid(7e3f1677bc1aead4fb8791998078dcec) Importer(815301076,1909f56bfc062723c751e8b465ee728b)  -> (artifact id: 'b64e9d2807f868d6d622856d924469c4') in 0.072091 seconds 
  Import took 0.082937 seconds .

========================================================================
Received Import Request.
  Time since last request: 0.000235 seconds.
  path: Assets/Scenes/Playground/ReflectionProbe-0.exr
  artifactKey: Guid(b65762d7243eb714e903b585ed68a576) Importer(815301076,1909f56bfc062723c751e8b465ee728b)
Start importing Assets/Scenes/Playground/ReflectionProbe-0.exr using Guid(b65762d7243eb714e903b585ed68a576) Importer(815301076,1909f56bfc062723c751e8b465ee728b)  -> (artifact id: '83c832d556db21cc5f1a36fdcf060f4c') in 0.033494 seconds 
  Import took 0.042253 seconds .

========================================================================
Received Import Request.
  Time since last request: 0.000272 seconds.
  path: Assets/Impact Interaction System/Gizmos/Impact/Objects/ImpactObjectRigidbodyCheap Icon.png
  artifactKey: Guid(f93523e2c568d1f4b99c5fdda4f83f44) Importer(815301076,1909f56bfc062723c751e8b465ee728b)
Start importing Assets/Impact Interaction System/Gizmos/Impact/Objects/ImpactObjectRigidbodyCheap Icon.png using Guid(f93523e2c568d1f4b99c5fdda4f83f44) Importer(815301076,1909f56bfc062723c751e8b465ee728b)  -> (artifact id: 'dbff266d24dbc1d99c842188c990a06b') in 0.027661 seconds 
  Import took 0.036067 seconds .

========================================================================
Received Import Request.
  Time since last request: 0.000267 seconds.
  path: Assets/Impact Interaction System/Gizmos/Impact/Interactions/Audio/ImpactAudioInteraction Icon.png
  artifactKey: Guid(7384a3c0a4639944e8e3179853b2f425) Importer(815301076,1909f56bfc062723c751e8b465ee728b)
Start importing Assets/Impact Interaction System/Gizmos/Impact/Interactions/Audio/ImpactAudioInteraction Icon.png using Guid(7384a3c0a4639944e8e3179853b2f425) Importer(815301076,1909f56bfc062723c751e8b465ee728b)  -> (artifact id: '450aa3c04896af8c95d32d8421bbc955') in 0.024268 seconds 
  Import took 0.034360 seconds .

========================================================================
Received Import Request.
  Time since last request: 0.000263 seconds.
  path: Assets/Impact Interaction System/Demo/Materials/Impacts/Bullet_Concrete.png
  artifactKey: Guid(7ef5c925874232a46a455e4690241f5b) Importer(815301076,1909f56bfc062723c751e8b465ee728b)
Start importing Assets/Impact Interaction System/Demo/Materials/Impacts/Bullet_Concrete.png using Guid(7ef5c925874232a46a455e4690241f5b) Importer(815301076,1909f56bfc062723c751e8b465ee728b)  -> (artifact id: '9c94b33e6e846b85637f5b75d8d8693f') in 0.024670 seconds 
  Import took 0.032884 seconds .

========================================================================
Received Import Request.
  Time since last request: 0.000209 seconds.
  path: Assets/Impact Interaction System/Demo/Terrain/Demo Terrain.asset
  artifactKey: Guid(2fe02019ce6afcc4a8be3f7b3005028a) Importer(815301076,1909f56bfc062723c751e8b465ee728b)
Start importing Assets/Impact Interaction System/Demo/Terrain/Demo Terrain.asset using Guid(2fe02019ce6afcc4a8be3f7b3005028a) Importer(815301076,1909f56bfc062723c751e8b465ee728b)  -> (artifact id: '43df7c189ef54bf7c23ccbae79d3b099') in 0.049980 seconds 
  Import took 0.058244 seconds .

========================================================================
Received Import Request.
  Time since last request: 0.000389 seconds.
  path: Assets/Environment/Art/Textures/Grid_01_BaseMap.png
  artifactKey: Guid(d1118dda59970a2449ee890fa247c4c5) Importer(815301076,1909f56bfc062723c751e8b465ee728b)
Start importing Assets/Environment/Art/Textures/Grid_01_BaseMap.png using Guid(d1118dda59970a2449ee890fa247c4c5) Importer(815301076,1909f56bfc062723c751e8b465ee728b)  -> (artifact id: '7e8b74a29b6402fd75616412af12a44e') in 0.023679 seconds 
  Import took 0.032256 seconds .

========================================================================
Received Import Request.
  Time since last request: 0.000247 seconds.
  path: Assets/Character/Textures/Armature_Arms_MetallicSmoothness.tif
  artifactKey: Guid(b41d630ccc344454bb1f27587f9acd70) Importer(815301076,1909f56bfc062723c751e8b465ee728b)
Start importing Assets/Character/Textures/Armature_Arms_MetallicSmoothness.tif using Guid(b41d630ccc344454bb1f27587f9acd70) Importer(815301076,1909f56bfc062723c751e8b465ee728b)  -> (artifact id: 'f7ff48f8c1746010d08e4bade44ac174') in 0.032163 seconds 
  Import took 0.041050 seconds .

========================================================================
Received Import Request.
  Time since last request: 0.000404 seconds.
  path: Assets/Impact Interaction System/Gizmos/Impact/Interactions/Particles/ImpactParticlePool Icon.png
  artifactKey: Guid(9462520ed7ab9f84795a4a1b2e7394ab) Importer(815301076,1909f56bfc062723c751e8b465ee728b)
Start importing Assets/Impact Interaction System/Gizmos/Impact/Interactions/Particles/ImpactParticlePool Icon.png using Guid(9462520ed7ab9f84795a4a1b2e7394ab) Importer(815301076,1909f56bfc062723c751e8b465ee728b)  -> (artifact id: 'b9313f59e702e519c8031ab69d6cd447') in 0.019730 seconds 
  Import took 0.028574 seconds .

========================================================================
Received Import Request.
  Time since last request: 0.000181 seconds.
  path: Assets/Impact Interaction System/Demo/Materials/Impacts/Bullet_Wood.png
  artifactKey: Guid(fa956d72416fb7c438f045ab5b816d31) Importer(815301076,1909f56bfc062723c751e8b465ee728b)
Start importing Assets/Impact Interaction System/Demo/Materials/Impacts/Bullet_Wood.png using Guid(fa956d72416fb7c438f045ab5b816d31) Importer(815301076,1909f56bfc062723c751e8b465ee728b)  -> (artifact id: 'c69f195bce713d3ba22f82b7e584e287') in 0.024515 seconds 
  Import took 0.033542 seconds .

========================================================================
Received Import Request.
  Time since last request: 0.000196 seconds.
  path: Assets/Impact Interaction System/Demo/Materials/Particles/Particle_Concrete.png
  artifactKey: Guid(85bdb22ab59ac6a42a0dbd692c9b3ca3) Importer(815301076,1909f56bfc062723c751e8b465ee728b)
Start importing Assets/Impact Interaction System/Demo/Materials/Particles/Particle_Concrete.png using Guid(85bdb22ab59ac6a42a0dbd692c9b3ca3) Importer(815301076,1909f56bfc062723c751e8b465ee728b)  -> (artifact id: '33dcca0f98067a4a632f8ec9888ec71d') in 0.026860 seconds 
  Import took 0.036042 seconds .

========================================================================
Received Import Request.
  Time since last request: 0.000177 seconds.
  path: Assets/Impact Interaction System/Demo/Materials/Particles/Particle_Dirt.png
  artifactKey: Guid(9f6e82179e4a64e44be9dcc8db268726) Importer(815301076,1909f56bfc062723c751e8b465ee728b)
Start importing Assets/Impact Interaction System/Demo/Materials/Particles/Particle_Dirt.png using Guid(9f6e82179e4a64e44be9dcc8db268726) Importer(815301076,1909f56bfc062723c751e8b465ee728b)  -> (artifact id: 'dcfddb5634482870cfdbc5de7c3a0111') in 0.038202 seconds 
  Import took 0.047954 seconds .

========================================================================
Received Import Request.
  Time since last request: 0.000258 seconds.
  path: Assets/Impact Interaction System/Demo/Materials/Grid_Normal.png
  artifactKey: Guid(3952f1e080ba20a4db6ebd9f22a8fe7d) Importer(815301076,1909f56bfc062723c751e8b465ee728b)
Start importing Assets/Impact Interaction System/Demo/Materials/Grid_Normal.png using Guid(3952f1e080ba20a4db6ebd9f22a8fe7d) Importer(815301076,1909f56bfc062723c751e8b465ee728b)  -> (artifact id: '418c2aaaf86f45d58de777b008fc08e2') in 0.027534 seconds 
  Import took 0.037811 seconds .

========================================================================
Received Import Request.
  Time since last request: 0.000262 seconds.
  path: Assets/Character/Textures/Armature_Body_MetallicSmoothness.tif
  artifactKey: Guid(e73adacd5e8f6fc45a491dbd62e71ead) Importer(815301076,1909f56bfc062723c751e8b465ee728b)
Start importing Assets/Character/Textures/Armature_Body_MetallicSmoothness.tif using Guid(e73adacd5e8f6fc45a491dbd62e71ead) Importer(815301076,1909f56bfc062723c751e8b465ee728b)  -> (artifact id: 'f1acb1d5301c1d45fc8fd00c818e707a') in 0.029445 seconds 
  Import took 0.038493 seconds .

========================================================================
Received Import Request.
  Time since last request: 0.000266 seconds.
  path: Assets/Impact Interaction System/Gizmos/Impact/Triggers/ImpactSlideAndRollTrigger2D Icon.png
  artifactKey: Guid(0d88bd1195540ee4689f0e104741c621) Importer(815301076,1909f56bfc062723c751e8b465ee728b)
Start importing Assets/Impact Interaction System/Gizmos/Impact/Triggers/ImpactSlideAndRollTrigger2D Icon.png using Guid(0d88bd1195540ee4689f0e104741c621) Importer(815301076,1909f56bfc062723c751e8b465ee728b)  -> (artifact id: 'cc84106d70198938ed734a36e01893b3') in 0.025839 seconds 
  Import took 0.033905 seconds .

========================================================================
Received Import Request.
  Time since last request: 0.000229 seconds.
  path: Assets/Environment/Art/Textures/Grid_01_Normal.png
  artifactKey: Guid(c5c221ed57a3bf6488f8eba0db28a004) Importer(815301076,1909f56bfc062723c751e8b465ee728b)
Start importing Assets/Environment/Art/Textures/Grid_01_Normal.png using Guid(c5c221ed57a3bf6488f8eba0db28a004) Importer(815301076,1909f56bfc062723c751e8b465ee728b)  -> (artifact id: '6e5b79d9eb29d063e81fe03f74bcf263') in 0.028968 seconds 
  Import took 0.037049 seconds .

========================================================================
Received Import Request.
  Time since last request: 0.000308 seconds.
  path: Assets/Character/Textures/Armature_Legs_AlbedoTransparency.tif
  artifactKey: Guid(c444e3d02d2fcff4d9fe5211d67652a0) Importer(815301076,1909f56bfc062723c751e8b465ee728b)
Start importing Assets/Character/Textures/Armature_Legs_AlbedoTransparency.tif using Guid(c444e3d02d2fcff4d9fe5211d67652a0) Importer(815301076,1909f56bfc062723c751e8b465ee728b)  -> (artifact id: '8a93a4c55d7906fc5b0b22fa90126ddf') in 0.039047 seconds 
  Import took 0.050694 seconds .

========================================================================
Received Import Request.
  Time since last request: 0.000399 seconds.
  path: Assets/Impact Interaction System/Gizmos/Impact/Interactions/Decals/ImpactDecalPool Icon.png
  artifactKey: Guid(2a57d09f607bc1d4c84b87d595597390) Importer(815301076,1909f56bfc062723c751e8b465ee728b)
Start importing Assets/Impact Interaction System/Gizmos/Impact/Interactions/Decals/ImpactDecalPool Icon.png using Guid(2a57d09f607bc1d4c84b87d595597390) Importer(815301076,1909f56bfc062723c751e8b465ee728b)  -> (artifact id: '221fff7755ece1414b51d6134386c320') in 0.028295 seconds 
  Import took 0.037645 seconds .

========================================================================
Received Import Request.
  Time since last request: 0.000208 seconds.
  path: Assets/Impact Interaction System/Gizmos/Impact/Triggers/ImpactVelocityCollisionTrigger3D Icon.png
  artifactKey: Guid(2fc1182e2ef3f0f4d835ef19af1c6b20) Importer(815301076,1909f56bfc062723c751e8b465ee728b)
Start importing Assets/Impact Interaction System/Gizmos/Impact/Triggers/ImpactVelocityCollisionTrigger3D Icon.png using Guid(2fc1182e2ef3f0f4d835ef19af1c6b20) Importer(815301076,1909f56bfc062723c751e8b465ee728b)  -> (artifact id: '0a33361dc578a433d2cf9827be5b5669') in 0.022252 seconds 
  Import took 0.029802 seconds .

========================================================================
Received Import Request.
  Time since last request: 0.000179 seconds.
  path: Assets/Impact Interaction System/Demo/Materials/Particles/Particle_Dust.png
  artifactKey: Guid(3bcc86a157cad264eb873698c335bc72) Importer(815301076,1909f56bfc062723c751e8b465ee728b)
Start importing Assets/Impact Interaction System/Demo/Materials/Particles/Particle_Dust.png using Guid(3bcc86a157cad264eb873698c335bc72) Importer(815301076,1909f56bfc062723c751e8b465ee728b)  -> (artifact id: 'a88678d32d39b2ea1fa42909eae2fd3c') in 0.030985 seconds 
  Import took 0.038617 seconds .

========================================================================
Received Import Request.
  Time since last request: 0.000269 seconds.
  path: Assets/Impact Interaction System/Gizmos/Impact/Materials/ImpactMaterial Icon.png
  artifactKey: Guid(8a8649b385313e9468e6f73053210811) Importer(815301076,1909f56bfc062723c751e8b465ee728b)
Start importing Assets/Impact Interaction System/Gizmos/Impact/Materials/ImpactMaterial Icon.png using Guid(8a8649b385313e9468e6f73053210811) Importer(815301076,1909f56bfc062723c751e8b465ee728b)  -> (artifact id: '7372338d9952daafa3ad7d5b1761b7f8') in 0.026568 seconds 
  Import took 0.035928 seconds .

========================================================================
Received Import Request.
  Time since last request: 0.000308 seconds.
  path: Assets/Character/Textures/Armature_Legs_Normal.tif
  artifactKey: Guid(b2c5d9c39850da946ae135dcb57faaea) Importer(815301076,1909f56bfc062723c751e8b465ee728b)
Start importing Assets/Character/Textures/Armature_Legs_Normal.tif using Guid(b2c5d9c39850da946ae135dcb57faaea) Importer(815301076,1909f56bfc062723c751e8b465ee728b)  -> (artifact id: 'dab709a261269d68a73e972375572f28') in 0.032609 seconds 
  Import took 0.041223 seconds .

========================================================================
Received Import Request.
  Time since last request: 0.000247 seconds.
  path: Assets/Impact Interaction System/Gizmos/Impact/Triggers/ImpactParticleCollisionTrigger Icon.png
  artifactKey: Guid(69c3423cd811b2f47a8b1d377e67b412) Importer(815301076,1909f56bfc062723c751e8b465ee728b)
Start importing Assets/Impact Interaction System/Gizmos/Impact/Triggers/ImpactParticleCollisionTrigger Icon.png using Guid(69c3423cd811b2f47a8b1d377e67b412) Importer(815301076,1909f56bfc062723c751e8b465ee728b)  -> (artifact id: '706f071031bc00928819be0aa17f4e4b') in 0.021026 seconds 
  Import took 0.028795 seconds .

========================================================================
Received Import Request.
  Time since last request: 0.000308 seconds.
  path: Assets/Impact Interaction System/Gizmos/Impact/Objects/ImpactTerrain Icon.png
  artifactKey: Guid(96f4b8dae5710f5409a70bf1a104d5a5) Importer(815301076,1909f56bfc062723c751e8b465ee728b)
Start importing Assets/Impact Interaction System/Gizmos/Impact/Objects/ImpactTerrain Icon.png using Guid(96f4b8dae5710f5409a70bf1a104d5a5) Importer(815301076,1909f56bfc062723c751e8b465ee728b)  -> (artifact id: 'f4ae844a483e56827cb615b009c4fca1') in 0.026137 seconds 
  Import took 0.034840 seconds .

========================================================================
Received Import Request.
  Time since last request: 0.000210 seconds.
  path: Assets/Impact Interaction System/Gizmos/Impact/Objects/ImpactObjectRigidbodyChild Icon.png
  artifactKey: Guid(1c4875a0b99c64e4189c93d06d4bea9a) Importer(815301076,1909f56bfc062723c751e8b465ee728b)
Start importing Assets/Impact Interaction System/Gizmos/Impact/Objects/ImpactObjectRigidbodyChild Icon.png using Guid(1c4875a0b99c64e4189c93d06d4bea9a) Importer(815301076,1909f56bfc062723c751e8b465ee728b)  -> (artifact id: 'f20f8462700bca31d032edc819d60baf') in 0.018907 seconds 
  Import took 0.027488 seconds .

========================================================================
Received Import Request.
  Time since last request: 0.000364 seconds.
  path: Assets/Impact Interaction System/Gizmos/Impact/Triggers/ImpactCollisionTrigger2D Icon.png
  artifactKey: Guid(a3a8b992c1355c6428fa62641b3b4072) Importer(815301076,1909f56bfc062723c751e8b465ee728b)
Start importing Assets/Impact Interaction System/Gizmos/Impact/Triggers/ImpactCollisionTrigger2D Icon.png using Guid(a3a8b992c1355c6428fa62641b3b4072) Importer(815301076,1909f56bfc062723c751e8b465ee728b)  -> (artifact id: '7e9536f91a72910f19d4ddb3cbf062f4') in 0.020437 seconds 
  Import took 0.028043 seconds .

========================================================================
Received Import Request.
  Time since last request: 0.000263 seconds.
  path: Assets/Impact Interaction System/Gizmos/Impact/Objects/ImpactObjectRigidbody Icon.png
  artifactKey: Guid(1830422e5f7896741b34ff9971b45441) Importer(815301076,1909f56bfc062723c751e8b465ee728b)
Start importing Assets/Impact Interaction System/Gizmos/Impact/Objects/ImpactObjectRigidbody Icon.png using Guid(1830422e5f7896741b34ff9971b45441) Importer(815301076,1909f56bfc062723c751e8b465ee728b)  -> (artifact id: 'efd2f5627038c74ce420f50e71fcefbf') in 0.022823 seconds 
  Import took 0.031495 seconds .

========================================================================
Received Import Request.
  Time since last request: 0.000288 seconds.
  path: Assets/Character/Textures/Armature_Body_AlbedoTransparency.tif
  artifactKey: Guid(28d78c5517421f047b88352f3b18e8e7) Importer(815301076,1909f56bfc062723c751e8b465ee728b)
Start importing Assets/Character/Textures/Armature_Body_AlbedoTransparency.tif using Guid(28d78c5517421f047b88352f3b18e8e7) Importer(815301076,1909f56bfc062723c751e8b465ee728b)  -> (artifact id: '46739c163e94ae85bf64286e210c1675') in 0.031722 seconds 
  Import took 0.041244 seconds .

========================================================================
Received Import Request.
  Time since last request: 0.000217 seconds.
  path: Assets/Impact Interaction System/Demo/Materials/Grid_04.png
  artifactKey: Guid(02ca9cc41c385c246b5596ac4eb97cd4) Importer(815301076,1909f56bfc062723c751e8b465ee728b)
Start importing Assets/Impact Interaction System/Demo/Materials/Grid_04.png using Guid(02ca9cc41c385c246b5596ac4eb97cd4) Importer(815301076,1909f56bfc062723c751e8b465ee728b)  -> (artifact id: '9f8413de2d487290c5bc260c2b9954af') in 0.030284 seconds 
  Import took 0.040070 seconds .

========================================================================
Received Import Request.
  Time since last request: 0.000368 seconds.
  path: Assets/Impact Interaction System/Gizmos/Impact/Interactions/Particles/ImpactParticleInteraction Icon.png
  artifactKey: Guid(f4b729227e8459e47b7b9ca28b79df3d) Importer(815301076,1909f56bfc062723c751e8b465ee728b)
Start importing Assets/Impact Interaction System/Gizmos/Impact/Interactions/Particles/ImpactParticleInteraction Icon.png using Guid(f4b729227e8459e47b7b9ca28b79df3d) Importer(815301076,1909f56bfc062723c751e8b465ee728b)  -> (artifact id: '64473b45aea705224626b1dc8e4b9d5c') in 0.034584 seconds 
  Import took 0.055605 seconds .

========================================================================
Received Import Request.
  Time since last request: 0.000490 seconds.
  path: Assets/Impact Interaction System/Demo/Materials/Grid_03_Normal.png
  artifactKey: Guid(9b8692a47da2675428b141bc61eecc19) Importer(815301076,1909f56bfc062723c751e8b465ee728b)
Start importing Assets/Impact Interaction System/Demo/Materials/Grid_03_Normal.png using Guid(9b8692a47da2675428b141bc61eecc19) Importer(815301076,1909f56bfc062723c751e8b465ee728b)  -> (artifact id: 'd1311945152a2c820907d245db5bda21') in 0.040287 seconds 
  Import took 0.056521 seconds .

========================================================================
Received Import Request.
  Time since last request: 0.000520 seconds.
  path: Assets/Impact Interaction System/Gizmos/Impact/Triggers/ImpactSpeculativeCollisionTrigger3D Icon.png
  artifactKey: Guid(a0b2aa8c4f1fa1f41add49d827397786) Importer(815301076,1909f56bfc062723c751e8b465ee728b)
Start importing Assets/Impact Interaction System/Gizmos/Impact/Triggers/ImpactSpeculativeCollisionTrigger3D Icon.png using Guid(a0b2aa8c4f1fa1f41add49d827397786) Importer(815301076,1909f56bfc062723c751e8b465ee728b)  -> (artifact id: 'cb3afc3a7b310cfac36c89e29ce8dd12') in 0.036612 seconds 
  Import took 0.056103 seconds .

========================================================================
Received Import Request.
  Time since last request: 0.000243 seconds.
  path: Assets/Character/Textures/Armature_Body_Normal.tif
  artifactKey: Guid(2a3daea46c599324e873f935ab08000a) Importer(815301076,1909f56bfc062723c751e8b465ee728b)
Start importing Assets/Character/Textures/Armature_Body_Normal.tif using Guid(2a3daea46c599324e873f935ab08000a) Importer(815301076,1909f56bfc062723c751e8b465ee728b)  -> (artifact id: 'd71a607fe957b3f487cb198091fee69c') in 0.052522 seconds 
  Import took 0.064721 seconds .

========================================================================
Received Import Request.
  Time since last request: 0.000502 seconds.
  path: Assets/Impact Interaction System/Demo/Materials/Grid_02.png
  artifactKey: Guid(f053b89d50847c94d8506f2f5386ae09) Importer(815301076,1909f56bfc062723c751e8b465ee728b)
Start importing Assets/Impact Interaction System/Demo/Materials/Grid_02.png using Guid(f053b89d50847c94d8506f2f5386ae09) Importer(815301076,1909f56bfc062723c751e8b465ee728b)  -> (artifact id: 'da92dfe5136760070af91fcf9958aa13') in 0.039523 seconds 
  Import took 0.051877 seconds .

========================================================================
Received Import Request.
  Time since last request: 0.000330 seconds.
  path: Assets/Impact Interaction System/Demo/Materials/Impacts/Bullet_Dirt.png
  artifactKey: Guid(85e4787666637f64495d5d17ff5825cb) Importer(815301076,1909f56bfc062723c751e8b465ee728b)
Start importing Assets/Impact Interaction System/Demo/Materials/Impacts/Bullet_Dirt.png using Guid(85e4787666637f64495d5d17ff5825cb) Importer(815301076,1909f56bfc062723c751e8b465ee728b)  -> (artifact id: '23ec12437faa27073baa1c9d00839d4c') in 0.049859 seconds 
  Import took 0.066438 seconds .

========================================================================
Received Import Request.
  Time since last request: 0.000236 seconds.
  path: Assets/Impact Interaction System/Gizmos/Impact/Triggers/ImpactCollisionTrigger3D Icon.png
  artifactKey: Guid(e204c1f0ea09dc846b29734dff870360) Importer(815301076,1909f56bfc062723c751e8b465ee728b)
Start importing Assets/Impact Interaction System/Gizmos/Impact/Triggers/ImpactCollisionTrigger3D Icon.png using Guid(e204c1f0ea09dc846b29734dff870360) Importer(815301076,1909f56bfc062723c751e8b465ee728b)  -> (artifact id: '270f431b73bab19e3dc7744ad489f261') in 0.034364 seconds 
  Import took 0.052421 seconds .

========================================================================
Received Import Request.
  Time since last request: 0.000741 seconds.
  path: Assets/Impact Interaction System/Gizmos/Impact/Objects/ImpactObjectSingleMaterial Icon.png
  artifactKey: Guid(719de9808f40a614bbf0011c2e9780e1) Importer(815301076,1909f56bfc062723c751e8b465ee728b)
Start importing Assets/Impact Interaction System/Gizmos/Impact/Objects/ImpactObjectSingleMaterial Icon.png using Guid(719de9808f40a614bbf0011c2e9780e1) Importer(815301076,1909f56bfc062723c751e8b465ee728b)  -> (artifact id: '66e30026ca789c2caa90c6a76243c7d2') in 0.035512 seconds 
  Import took 0.046169 seconds .

========================================================================
Received Import Request.
  Time since last request: 0.000221 seconds.
  path: Assets/Impact Interaction System/Demo/Materials/Particles/particle_wood.png
  artifactKey: Guid(5557c93152b2c4b448ec04a5466857e7) Importer(815301076,1909f56bfc062723c751e8b465ee728b)
Start importing Assets/Impact Interaction System/Demo/Materials/Particles/particle_wood.png using Guid(5557c93152b2c4b448ec04a5466857e7) Importer(815301076,1909f56bfc062723c751e8b465ee728b)  -> (artifact id: '8e0e408fe8574eb5f533ca8ea97208ed') in 0.038724 seconds 
  Import took 0.050512 seconds .

========================================================================
Received Import Request.
  Time since last request: 0.000215 seconds.
  path: Assets/Impact Interaction System/Gizmos/Impact/Triggers/ImpactSimpleCollisionTrigger3D Icon.png
  artifactKey: Guid(d674661f9a346da4b8d0de4ac091b50a) Importer(815301076,1909f56bfc062723c751e8b465ee728b)
Start importing Assets/Impact Interaction System/Gizmos/Impact/Triggers/ImpactSimpleCollisionTrigger3D Icon.png using Guid(d674661f9a346da4b8d0de4ac091b50a) Importer(815301076,1909f56bfc062723c751e8b465ee728b)  -> (artifact id: '24f2ac525ae0fddb2c8a1904b1cd7c28') in 0.029823 seconds 
  Import took 0.042100 seconds .

========================================================================
Received Import Request.
  Time since last request: 0.000258 seconds.
  path: Assets/Scenes/Playground/ReflectionProbe-1.exr
  artifactKey: Guid(1b8a4de7469ad774c80dd6678d94e6b9) Importer(815301076,1909f56bfc062723c751e8b465ee728b)
Start importing Assets/Scenes/Playground/ReflectionProbe-1.exr using Guid(1b8a4de7469ad774c80dd6678d94e6b9) Importer(815301076,1909f56bfc062723c751e8b465ee728b)  -> (artifact id: '0809c14e864f7769457983d8246351ec') in 0.038026 seconds 
  Import took 0.046756 seconds .

========================================================================
Received Import Request.
  Time since last request: 0.000258 seconds.
  path: Assets/Impact Interaction System/Gizmos/Impact/TagLibrary/ImpactTagLibrary Icon.png
  artifactKey: Guid(061b42837426a514cb0752e730382784) Importer(815301076,1909f56bfc062723c751e8b465ee728b)
Start importing Assets/Impact Interaction System/Gizmos/Impact/TagLibrary/ImpactTagLibrary Icon.png using Guid(061b42837426a514cb0752e730382784) Importer(815301076,1909f56bfc062723c751e8b465ee728b)  -> (artifact id: '141c86101271ec4397aa74e83aa9ae6b') in 0.035370 seconds 
  Import took 0.050203 seconds .

========================================================================
Received Import Request.
  Time since last request: 0.000492 seconds.
  path: Assets/Impact Interaction System/Gizmos/Impact/Triggers/ImpactVelocityCollisionTrigger2D Icon.png
  artifactKey: Guid(7a457c96c1110df43901b4a01578dcd8) Importer(815301076,1909f56bfc062723c751e8b465ee728b)
Start importing Assets/Impact Interaction System/Gizmos/Impact/Triggers/ImpactVelocityCollisionTrigger2D Icon.png using Guid(7a457c96c1110df43901b4a01578dcd8) Importer(815301076,1909f56bfc062723c751e8b465ee728b)  -> (artifact id: '325d30659523796426c562c2ca8e9b34') in 0.037665 seconds 
  Import took 0.056546 seconds .

========================================================================
Received Import Request.
  Time since last request: 0.000236 seconds.
  path: Assets/Character/Textures/Armature_Arms_RGB.tif
  artifactKey: Guid(9b46b2c2f21deb843b7ac9242d5f13e6) Importer(815301076,1909f56bfc062723c751e8b465ee728b)
Start importing Assets/Character/Textures/Armature_Arms_RGB.tif using Guid(9b46b2c2f21deb843b7ac9242d5f13e6) Importer(815301076,1909f56bfc062723c751e8b465ee728b)  -> (artifact id: '5a283402f7b8dc88eb36ace0b832dbf1') in 0.043897 seconds 
  Import took 0.058908 seconds .

========================================================================
Received Import Request.
  Time since last request: 0.000394 seconds.
  path: Assets/Environment/Art/Textures/Grid_02_BaseMap.png
  artifactKey: Guid(d9c0dd5cdac07b145be73329e489869a) Importer(815301076,1909f56bfc062723c751e8b465ee728b)
Start importing Assets/Environment/Art/Textures/Grid_02_BaseMap.png using Guid(d9c0dd5cdac07b145be73329e489869a) Importer(815301076,1909f56bfc062723c751e8b465ee728b)  -> (artifact id: '31fc026fc9668786fb3615804a4212b5') in 0.050755 seconds 
  Import took 0.068451 seconds .

========================================================================
Received Import Request.
  Time since last request: 0.000299 seconds.
  path: Assets/Impact Interaction System/Gizmos/Impact/Interactions/Audio/ImpactAudioSource Icon.png
  artifactKey: Guid(2f2cc795067686d43b47ce41d948bfc0) Importer(815301076,1909f56bfc062723c751e8b465ee728b)
Start importing Assets/Impact Interaction System/Gizmos/Impact/Interactions/Audio/ImpactAudioSource Icon.png using Guid(2f2cc795067686d43b47ce41d948bfc0) Importer(815301076,1909f56bfc062723c751e8b465ee728b)  -> (artifact id: 'ff05c39e7ab58e38ff2116a8820e415d') in 0.039856 seconds 
  Import took 0.060696 seconds .

========================================================================
Received Import Request.
  Time since last request: 0.000284 seconds.
  path: Assets/Impact Interaction System/Demo/Materials/Grid_03.png
  artifactKey: Guid(0a91c6500e33f644c8f7f384c40df762) Importer(815301076,1909f56bfc062723c751e8b465ee728b)
Start importing Assets/Impact Interaction System/Demo/Materials/Grid_03.png using Guid(0a91c6500e33f644c8f7f384c40df762) Importer(815301076,1909f56bfc062723c751e8b465ee728b)  -> (artifact id: '2eb548d1e2b4319fa6aa85b38128fc67') in 0.041323 seconds 
  Import took 0.056293 seconds .

========================================================================
Received Import Request.
  Time since last request: 0.000235 seconds.
  path: Assets/Impact Interaction System/Gizmos/Impact/Triggers/ImpactSimpleCollisionTrigger2D Icon.png
  artifactKey: Guid(99f5bab47db8e4a48b09981adada3bd9) Importer(815301076,1909f56bfc062723c751e8b465ee728b)
Start importing Assets/Impact Interaction System/Gizmos/Impact/Triggers/ImpactSimpleCollisionTrigger2D Icon.png using Guid(99f5bab47db8e4a48b09981adada3bd9) Importer(815301076,1909f56bfc062723c751e8b465ee728b)  -> (artifact id: 'e872b7a76dab2f496028deb1c82480f4') in 0.022920 seconds 
  Import took 0.035811 seconds .

========================================================================
Received Import Request.
  Time since last request: 0.000204 seconds.
  path: Assets/Impact Interaction System/Demo/Demo/ReflectionProbe-0.exr
  artifactKey: Guid(586644ecd95263b488a8835008e7ab07) Importer(815301076,1909f56bfc062723c751e8b465ee728b)
Start importing Assets/Impact Interaction System/Demo/Demo/ReflectionProbe-0.exr using Guid(586644ecd95263b488a8835008e7ab07) Importer(815301076,1909f56bfc062723c751e8b465ee728b)  -> (artifact id: '0a1622fca452f4a6bf197a3a1ed24465') in 0.040997 seconds 
  Import took 0.053371 seconds .

========================================================================
Received Import Request.
  Time since last request: 30.214531 seconds.
  path: Assets/news_61e154d17fbc8.jpeg
  artifactKey: Guid(8c3d5b2c4594e8d4a91606f9394ff739) Importer(815301076,1909f56bfc062723c751e8b465ee728b)
Start importing Assets/news_61e154d17fbc8.jpeg using Guid(8c3d5b2c4594e8d4a91606f9394ff739) Importer(815301076,1909f56bfc062723c751e8b465ee728b)  -> (artifact id: 'eb4ebd73f47a4965efe4d71ef9c24f6c') in 0.047392 seconds 
  Import took 0.063229 seconds .

========================================================================
Received Import Request.
  Time since last request: 61.366904 seconds.
  path: Assets/Ib2ozn7_5x.png
  artifactKey: Guid(d77d6ab8febde9549848b7839fb0ef41) Importer(815301076,1909f56bfc062723c751e8b465ee728b)
Start importing Assets/Ib2ozn7_5x.png using Guid(d77d6ab8febde9549848b7839fb0ef41) Importer(815301076,1909f56bfc062723c751e8b465ee728b)  -> (artifact id: 'de846cbc7e5bd3eaf1b1366354072539') in 0.047647 seconds 
  Import took 0.063251 seconds .

========================================================================
Received Import Request.
  Time since last request: 0.584659 seconds.
  path: Assets/Assets.index
  artifactKey: Guid(f3e7cfe25fed9dc4f95def56bb5b8dcb) Importer(815301076,1909f56bfc062723c751e8b465ee728b)
Start importing Assets/Assets.index using Guid(f3e7cfe25fed9dc4f95def56bb5b8dcb) Importer(815301076,1909f56bfc062723c751e8b465ee728b)  -> (artifact id: '280b40c2762faeaa2c616ec2888b2de5') in 0.050060 seconds 
  Import took 0.060566 seconds .

========================================================================
Received Import Request.
  Time since last request: 0.032995 seconds.
  path: Assets/Assets.index
  artifactKey: Guid(f3e7cfe25fed9dc4f95def56bb5b8dcb) Importer(815301076,1909f56bfc062723c751e8b465ee728b)
Start importing Assets/Assets.index using Guid(f3e7cfe25fed9dc4f95def56bb5b8dcb) Importer(815301076,1909f56bfc062723c751e8b465ee728b)  -> (artifact id: '280b40c2762faeaa2c616ec2888b2de5') in 0.015609 seconds 
  Import took 0.028166 seconds .

========================================================================
Received Import Request.
  Time since last request: 11.239665 seconds.
  path: Assets/Ib2ozn7_5x.png
  artifactKey: Guid(d77d6ab8febde9549848b7839fb0ef41) Importer(815301076,1909f56bfc062723c751e8b465ee728b)
Start importing Assets/Ib2ozn7_5x.png using Guid(d77d6ab8febde9549848b7839fb0ef41) Importer(815301076,1909f56bfc062723c751e8b465ee728b)  -> (artifact id: 'b4d67a0cb3f838c8e12628a67f6d0f30') in 0.069697 seconds 
  Import took 0.082454 seconds .

========================================================================
Received Import Request.
  Time since last request: 0.553584 seconds.
  path: Assets/Assets.index
  artifactKey: Guid(f3e7cfe25fed9dc4f95def56bb5b8dcb) Importer(815301076,1909f56bfc062723c751e8b465ee728b)
Start importing Assets/Assets.index using Guid(f3e7cfe25fed9dc4f95def56bb5b8dcb) Importer(815301076,1909f56bfc062723c751e8b465ee728b)  -> (artifact id: 'a95b92783ae989ac14eb52a2694ead96') in 0.018332 seconds 
  Import took 0.029178 seconds .

========================================================================
Received Import Request.
  Time since last request: 214.467809 seconds.
  path: Assets/Assets.index
  artifactKey: Guid(f3e7cfe25fed9dc4f95def56bb5b8dcb) Importer(815301076,1909f56bfc062723c751e8b465ee728b)
Start importing Assets/Assets.index using Guid(f3e7cfe25fed9dc4f95def56bb5b8dcb) Importer(815301076,1909f56bfc062723c751e8b465ee728b)  -> (artifact id: '5be1f0a943a577e8c8557b9aba557291') in 0.016623 seconds 
  Import took 0.030294 seconds .

AssetImportWorkerClient::OnTransportError - code=2 error=End of file
